Flutter crash report.
Please report a bug at https://github.com/flutter/flutter/issues.

## command

flutter create --template=plugin --platforms=ios .

## exception

ProcessException: ProcessException: Process exited abnormally:
Command line invocation:
    /Applications/Xcode.app/Contents/Developer/usr/bin/xcodebuild -list


xcodebuild: error: Unable to read project 'Runner.xcodeproj'.
	Reason: Project /Users/raul.quispe/Documents/AndroidStudioProjects/security_storage/example/ios/Runner.xcodeproj cannot be opened because it is missing its project.pbxproj file.
  Command: xcrun xcodebuild -list

```
#0      RunResult.throwException (package:flutter_tools/src/base/process.dart:171:5)
#1      _DefaultProcessUtils.run (package:flutter_tools/src/base/process.dart:323:19)
<asynchronous suspension>
#2      XcodeProjectInterpreter.getInfo (package:flutter_tools/src/ios/xcodeproj.dart:416:30)
<asynchronous suspension>
#3      IosProject.projectInfo (package:flutter_tools/src/project.dart:565:29)
<asynchronous suspension>
#4      IosProject.buildSettingsForBuildInfo (package:flutter_tools/src/project.dart:547:35)
<asynchronous suspension>
#5      IosProject._parseProductBundleIdentifier (package:flutter_tools/src/project.dart:489:50)
<asynchronous suspension>
#6      IosProject.productBundleIdentifier (package:flutter_tools/src/project.dart:466:41)
<asynchronous suspension>
#7      FlutterProject.organizationNames (package:flutter_tools/src/project.dart:117:9)
<asynchronous suspension>
#8      CreateCommand.runCommand (package:flutter_tools/src/commands/create.dart:380:49)
<asynchronous suspension>
#9      FlutterCommand.verifyThenRunCommand (package:flutter_tools/src/runner/flutter_command.dart:1079:12)
<asynchronous suspension>
#10     FlutterCommand.run.<anonymous closure> (package:flutter_tools/src/runner/flutter_command.dart:934:27)
<asynchronous suspension>
#11     AppContext.run.<anonymous closure> (package:flutter_tools/src/base/context.dart:150:19)
<asynchronous suspension>
#12     AppContext.run (package:flutter_tools/src/base/context.dart:149:12)
<asynchronous suspension>
#13     CommandRunner.runCommand (package:args/command_runner.dart:197:13)
<asynchronous suspension>
#14     FlutterCommandRunner.runCommand.<anonymous closure> (package:flutter_tools/src/runner/flutter_command_runner.dart:270:9)
<asynchronous suspension>
#15     AppContext.run.<anonymous closure> (package:flutter_tools/src/base/context.dart:150:19)
<asynchronous suspension>
#16     AppContext.run (package:flutter_tools/src/base/context.dart:149:12)
<asynchronous suspension>
#17     FlutterCommandRunner.runCommand (package:flutter_tools/src/runner/flutter_command_runner.dart:220:5)
<asynchronous suspension>
#18     run.<anonymous closure>.<anonymous closure> (package:flutter_tools/runner.dart:63:9)
<asynchronous suspension>
#19     run.<anonymous closure> (package:flutter_tools/runner.dart:61:12)
<asynchronous suspension>
#20     AppContext.run.<anonymous closure> (package:flutter_tools/src/base/context.dart:150:19)
<asynchronous suspension>
#21     AppContext.run (package:flutter_tools/src/base/context.dart:149:12)
<asynchronous suspension>
#22     runInContext (package:flutter_tools/src/context_runner.dart:70:10)
<asynchronous suspension>
#23     main (package:flutter_tools/executable.dart:90:3)
<asynchronous suspension>
```

## flutter doctor

```
[✓] Flutter (Channel master, 1.24.0-8.0.pre.215, on Mac OS X 10.15.7 19H2 darwin-x64, locale en-PE)
    • Flutter version 1.24.0-8.0.pre.215 at /Users/raul.quispe/Documents/flutter
    • Framework revision c6d4a6ef5c (3 hours ago), 2020-11-12 10:36:39 -0800
    • Engine revision c5c7e83b9e
    • Dart version 2.12.0 (build 2.12.0-31.0.dev)

[✓] Android toolchain - develop for Android devices (Android SDK version 30.0.2)
    • Android SDK at /Users/raul.quispe/Library/Android/sdk
    • Platform android-30, build-tools 30.0.2
    • Java binary at: /Applications/Android Studio.app/Contents/jre/jdk/Contents/Home/bin/java
    • Java version OpenJDK Runtime Environment (build 1.8.0_242-release-1644-b3-6915495)
    • All Android licenses accepted.

[✓] Xcode - develop for iOS and macOS (Xcode 12.0.1)
    • Xcode at /Applications/Xcode.app/Contents/Developer
    • Xcode 12.0.1, Build version 12A7300
    • CocoaPods version 1.10.0

[✓] Android Studio (version 4.1)
    • Android Studio at /Applications/Android Studio.app/Contents
    • Flutter plugin can be installed from:
      🔨 https://plugins.jetbrains.com/plugin/9212-flutter
    • Dart plugin can be installed from:
      🔨 https://plugins.jetbrains.com/plugin/6351-dart
    • Java version OpenJDK Runtime Environment (build 1.8.0_242-release-1644-b3-6915495)

[✓] Connected device (2 available)
    • ONEPLUS A6000 (mobile) • 196e6b2b                  • android-arm64 • Android 10 (API 29)
    • iPhone (mobile)        • 00008020-000B15A211D0003A • ios           • iOS 14.1

• No issues found!
```
